<?xml version="1.0" encoding="UTF-8"?>
<testsuite name="com.casavo.notificationApp.NotificationServiceTest" tests="1" skipped="0" failures="0" errors="0" timestamp="2023-06-14T07:54:33" hostname="Geta.lan" time="0.57">
  <properties/>
  <testcase name="testGenerateNotificationForSpecificRealEstate()" classname="com.casavo.notificationApp.NotificationServiceTest" time="0.57"/>
  <system-out><![CDATA[09:54:31.121 [Test worker] INFO org.springframework.test.context.support.AnnotationConfigContextLoaderUtils -- Could not detect default configuration classes for test class [com.casavo.notificationApp.NotificationServiceTest]: NotificationServiceTest does not declare any static, non-private, non-final, nested classes annotated with @Configuration.
09:54:31.173 [Test worker] INFO org.springframework.boot.test.context.SpringBootTestContextBootstrapper -- Found @SpringBootConfiguration com.casavo.notificationApp.NotificationAppApplication for test class com.casavo.notificationApp.NotificationServiceTest

  .   ____          _            __ _ _
 /\\ / ___'_ __ _ _(_)_ __  __ _ \ \ \ \
( ( )\___ | '_ | '_| | '_ \/ _` | \ \ \ \
 \\/  ___)| |_)| | | | | || (_| |  ) ) ) )
  '  |____| .__|_| |_|_| |_\__, | / / / /
 =========|_|==============|___/=/_/_/_/
 :: Spring Boot ::                (v3.1.0)

2023-06-14T09:54:31.351+02:00  INFO 21698 --- [    Test worker] c.c.n.NotificationServiceTest            : Starting NotificationServiceTest using Java 17.0.7 with PID 21698 (started by slim.hleli in /Users/slim.hleli/Documents/dossier sans titre 2/notificationApp)
2023-06-14T09:54:31.352+02:00  INFO 21698 --- [    Test worker] c.c.n.NotificationServiceTest            : No active profile set, falling back to 1 default profile: "default"
2023-06-14T09:54:31.618+02:00  INFO 21698 --- [    Test worker] .s.d.r.c.RepositoryConfigurationDelegate : Bootstrapping Spring Data JPA repositories in DEFAULT mode.
2023-06-14T09:54:31.649+02:00  INFO 21698 --- [    Test worker] .s.d.r.c.RepositoryConfigurationDelegate : Finished Spring Data repository scanning in 27 ms. Found 4 JPA repository interfaces.
2023-06-14T09:54:31.874+02:00  INFO 21698 --- [    Test worker] o.hibernate.jpa.internal.util.LogHelper  : HHH000204: Processing PersistenceUnitInfo [name: default]
2023-06-14T09:54:31.903+02:00  INFO 21698 --- [    Test worker] org.hibernate.Version                    : HHH000412: Hibernate ORM core version 6.2.2.Final
2023-06-14T09:54:31.904+02:00  INFO 21698 --- [    Test worker] org.hibernate.cfg.Environment            : HHH000406: Using bytecode reflection optimizer
2023-06-14T09:54:31.964+02:00  INFO 21698 --- [    Test worker] o.h.b.i.BytecodeProviderInitiator        : HHH000021: Bytecode provider name : bytebuddy
2023-06-14T09:54:32.029+02:00  INFO 21698 --- [    Test worker] o.s.o.j.p.SpringPersistenceUnitInfo      : No LoadTimeWeaver setup: ignoring JPA class transformer
2023-06-14T09:54:32.038+02:00  INFO 21698 --- [    Test worker] com.zaxxer.hikari.HikariDataSource       : HikariPool-1 - Starting...
2023-06-14T09:54:32.124+02:00  INFO 21698 --- [    Test worker] com.zaxxer.hikari.pool.HikariPool        : HikariPool-1 - Added connection conn0: url=jdbc:h2:mem:notificationAppDB user=SA
2023-06-14T09:54:32.125+02:00  INFO 21698 --- [    Test worker] com.zaxxer.hikari.HikariDataSource       : HikariPool-1 - Start completed.
2023-06-14T09:54:32.144+02:00  INFO 21698 --- [    Test worker] org.hibernate.orm.dialect                : HHH035001: Using dialect: org.hibernate.dialect.H2Dialect, version: 2.1.214
2023-06-14T09:54:32.253+02:00  INFO 21698 --- [    Test worker] o.h.b.i.BytecodeProviderInitiator        : HHH000021: Bytecode provider name : bytebuddy
2023-06-14T09:54:32.564+02:00  INFO 21698 --- [    Test worker] o.h.e.t.j.p.i.JtaPlatformInitiator       : HHH000490: Using JtaPlatform implementation: [org.hibernate.engine.transaction.jta.platform.internal.NoJtaPlatform]
2023-06-14T09:54:32.580+02:00  INFO 21698 --- [    Test worker] o.h.t.s.i.e.GenerationTargetToDatabase   : HHH000476: Executing script '[injected ScriptSourceInputNonExistentImpl script]'
2023-06-14T09:54:32.581+02:00  INFO 21698 --- [    Test worker] j.LocalContainerEntityManagerFactoryBean : Initialized JPA EntityManagerFactory for persistence unit 'default'
2023-06-14T09:54:32.777+02:00  INFO 21698 --- [    Test worker] o.s.d.j.r.query.QueryEnhancerFactory     : Hibernate is in classpath; If applicable, HQL parser will be used.
2023-06-14T09:54:33.166+02:00  WARN 21698 --- [    Test worker] JpaBaseConfiguration$JpaWebConfiguration : spring.jpa.open-in-view is enabled by default. Therefore, database queries may be performed during view rendering. Explicitly configure spring.jpa.open-in-view to disable this warning
2023-06-14T09:54:33.368+02:00  INFO 21698 --- [    Test worker] c.c.n.NotificationServiceTest            : Started NotificationServiceTest in 2.115 seconds (process running for 2.681)
]]></system-out>
  <system-err><![CDATA[]]></system-err>
</testsuite>
